
(Re-)creating OVS instances...
677dea77-608d-4634-960c-ede80fb540d5
33b34001-3990-4285-9d09-bc19e20f2832
470e93b9-77ee-4dfa-83f5-af48e7d8f776
edb67f3d-8cbb-424c-9284-9391bd62ffab
bbb203c3-4605-408f-af49-1ed0a1bc3ff8
23bd0dab-43d4-453e-b956-1a0abda50e37
efc4e5dc-909f-45a6-abd4-4b44428d25eb
07ab16e3-c803-44eb-8c6e-d70feac3c91a
f09e7746-abcd-46ef-82c3-4fc572f9299e
1eaa5846-540e-4229-b35b-a119bb192a8a
1487493c-dbf9-4bf9-95b0-bd34cba27111
32ec9ba8-4653-484f-8afa-c516f1539cdc
76ce55d2-b732-4942-a7d1-e62a78201305
abf06e9e-3014-4d6b-a240-3e08208fe9de
The list of OVS instances is: extbl extbr sw00 sw01 sw02 sw03 sw04 sw05 sw06

Instantiating virtual crossover cables...

Connecting OVS instances to each other...

Creating hosts...

Cannot create namespace file "/run/netns/Host-00": File exists
Cannot create namespace file "/run/netns/Host-01": File exists
Creating and connecting virtual patch cables...

